<?xml version="1.0" encoding="UTF-8"?>
<!-- Generated by org.testng.reporters.JUnitReportReporter -->
<testsuite hostname="ITWS10" failures="0" tests="5" name="com.lbrce.cse.UserValidationTest" time="0.020" errors="0" timestamp="2023-10-27T14:46:20 IST" skipped="0">
  <testcase classname="com.lbrce.cse.UserValidationTest" name="testCase3" time="0.001"/>
  <testcase classname="com.lbrce.cse.UserValidationTest" name="testCase2" time="0.001"/>
  <testcase classname="com.lbrce.cse.UserValidationTest" name="testCase5" time="0.001"/>
  <testcase classname="com.lbrce.cse.UserValidationTest" name="testCase1" time="0.016"/>
  <testcase classname="com.lbrce.cse.UserValidationTest" name="testCase4" time="0.001"/>
</testsuite> <!-- com.lbrce.cse.UserValidationTest -->
